# JRE version: Java(TM) SE Runtime Environment (8.0_181-b13) (build 1.8.0_181-b13)
# Java VM: Java HotSpot(TM) 64-Bit Server VM (25.181-b13 mixed mode windows-amd64 compressed oops)
Heap:
 PSYoungGen      total 160256K, used 96168K [0x00000000d5f80000, 0x00000000e1c00000, 0x0000000100000000)
  eden space 152576K, 63% used [0x00000000d5f80000,0x00000000dbd6a220,0x00000000df480000)
  from space 7680K, 0% used [0x00000000dfd00000,0x00000000dfd00000,0x00000000e0480000)
  to   space 8704K, 0% used [0x00000000df480000,0x00000000df480000,0x00000000dfd00000)
 ParOldGen       total 75264K, used 12296K [0x0000000081e00000, 0x0000000086780000, 0x00000000d5f80000)
  object space 75264K, 16% used [0x0000000081e00000,0x0000000082a020f0,0x0000000086780000)
 Metaspace       used 37912K, capacity 39006K, committed 39040K, reserved 1083392K
  class space    used 4979K, capacity 5228K, committed 5248K, reserved 1048576K
GC Heap History (10 events):
Event: 7.139 GC heap before
{Heap before GC invocations=8 (full 1):
 PSYoungGen      total 73216K, used 4792K [0x00000000d5f80000, 0x00000000dee80000, 0x0000000100000000)
  eden space 66048K, 0% used [0x00000000d5f80000,0x00000000d5f80000,0x00000000da000000)
  from space 7168K, 66% used [0x00000000da000000,0x00000000da4ae288,0x00000000da700000)
  to   space 7168K, 0% used [0x00000000de780000,0x00000000de780000,0x00000000dee80000)
 ParOldGen       total 87552K, used 2739K [0x0000000081e00000, 0x0000000087380000, 0x00000000d5f80000)
  object space 87552K, 3% used [0x0000000081e00000,0x00000000820acd28,0x0000000087380000)
 Metaspace       used 20633K, capacity 21102K, committed 21248K, reserved 1067008K
  class space    used 2565K, capacity 2694K, committed 2816K, reserved 1048576K
Event: 7.218 GC heap after
Heap after GC invocations=8 (full 1):
 PSYoungGen      total 73216K, used 0K [0x00000000d5f80000, 0x00000000dee80000, 0x0000000100000000)
  eden space 66048K, 0% used [0x00000000d5f80000,0x00000000d5f80000,0x00000000da000000)
  from space 7168K, 0% used [0x00000000da000000,0x00000000da000000,0x00000000da700000)
  to   space 7168K, 0% used [0x00000000de780000,0x00000000de780000,0x00000000dee80000)
 ParOldGen       total 51200K, used 6759K [0x0000000081e00000, 0x0000000085000000, 0x00000000d5f80000)
  object space 51200K, 13% used [0x0000000081e00000,0x0000000082499cb8,0x0000000085000000)
 Metaspace       used 20633K, capacity 21102K, committed 21248K, reserved 1067008K
  class space    used 2565K, capacity 2694K, committed 2816K, reserved 1048576K
}
Event: 8.047 GC heap before
{Heap before GC invocations=9 (full 1):
 PSYoungGen      total 73216K, used 66048K [0x00000000d5f80000, 0x00000000dee80000, 0x0000000100000000)
  eden space 66048K, 100% used [0x00000000d5f80000,0x00000000da000000,0x00000000da000000)
  from space 7168K, 0% used [0x00000000da000000,0x00000000da000000,0x00000000da700000)
  to   space 7168K, 0% used [0x00000000de780000,0x00000000de780000,0x00000000dee80000)
 ParOldGen       total 51200K, used 6759K [0x0000000081e00000, 0x0000000085000000, 0x00000000d5f80000)
  object space 51200K, 13% used [0x0000000081e00000,0x0000000082499cb8,0x0000000085000000)
 Metaspace       used 25079K, capacity 25742K, committed 25856K, reserved 1071104K
  class space    used 3134K, capacity 3314K, committed 3328K, reserved 1048576K
Event: 8.056 GC heap after
Heap after GC invocations=9 (full 1):
 PSYoungGen      total 115200K, used 3661K [0x00000000d5f80000, 0x00000000deb80000, 0x0000000100000000)
  eden space 111104K, 0% used [0x00000000d5f80000,0x00000000d5f80000,0x00000000dcc00000)
  from space 4096K, 89% used [0x00000000de780000,0x00000000deb13400,0x00000000deb80000)
  to   space 7168K, 0% used [0x00000000ddd80000,0x00000000ddd80000,0x00000000de480000)
 ParOldGen       total 51200K, used 6759K [0x0000000081e00000, 0x0000000085000000, 0x00000000d5f80000)
  object space 51200K, 13% used [0x0000000081e00000,0x0000000082499cb8,0x0000000085000000)
 Metaspace       used 25079K, capacity 25742K, committed 25856K, reserved 1071104K
  class space    used 3134K, capacity 3314K, committed 3328K, reserved 1048576K
}
Event: 11.478 GC heap before
{Heap before GC invocations=10 (full 1):
 PSYoungGen      total 115200K, used 114765K [0x00000000d5f80000, 0x00000000deb80000, 0x0000000100000000)
  eden space 111104K, 100% used [0x00000000d5f80000,0x00000000dcc00000,0x00000000dcc00000)
  from space 4096K, 89% used [0x00000000de780000,0x00000000deb13400,0x00000000deb80000)
  to   space 7168K, 0% used [0x00000000ddd80000,0x00000000ddd80000,0x00000000de480000)
 ParOldGen       total 51200K, used 6759K [0x0000000081e00000, 0x0000000085000000, 0x00000000d5f80000)
  object space 51200K, 13% used [0x0000000081e00000,0x0000000082499cb8,0x0000000085000000)
 Metaspace       used 30443K, capacity 31380K, committed 31488K, reserved 1077248K
  class space    used 3846K, capacity 4075K, committed 4096K, reserved 1048576K
Event: 11.497 GC heap after
Heap after GC invocations=10 (full 1):
 PSYoungGen      total 136192K, used 7166K [0x00000000d5f80000, 0x00000000e0480000, 0x0000000100000000)
  eden space 129024K, 0% used [0x00000000d5f80000,0x00000000d5f80000,0x00000000ddd80000)
  from space 7168K, 99% used [0x00000000ddd80000,0x00000000de47fb70,0x00000000de480000)
  to   space 7680K, 0% used [0x00000000dfd00000,0x00000000dfd00000,0x00000000e0480000)
 ParOldGen       total 51200K, used 7039K [0x0000000081e00000, 0x0000000085000000, 0x00000000d5f80000)
  object space 51200K, 13% used [0x0000000081e00000,0x00000000824dff70,0x0000000085000000)
 Metaspace       used 30443K, capacity 31380K, committed 31488K, reserved 1077248K
  class space    used 3846K, capacity 4075K, committed 4096K, reserved 1048576K
}
Event: 13.497 GC heap before
{Heap before GC invocations=11 (full 1):
 PSYoungGen      total 136192K, used 124361K [0x00000000d5f80000, 0x00000000e0480000, 0x0000000100000000)
  eden space 129024K, 90% used [0x00000000d5f80000,0x00000000dd1f29d8,0x00000000ddd80000)
  from space 7168K, 99% used [0x00000000ddd80000,0x00000000de47fb70,0x00000000de480000)
  to   space 7680K, 0% used [0x00000000dfd00000,0x00000000dfd00000,0x00000000e0480000)
 ParOldGen       total 51200K, used 7039K [0x0000000081e00000, 0x0000000085000000, 0x00000000d5f80000)
  object space 51200K, 13% used [0x0000000081e00000,0x00000000824dff70,0x0000000085000000)
 Metaspace       used 34334K, capacity 35312K, committed 35416K, reserved 1079296K
  class space    used 4571K, capacity 4805K, committed 4864K, reserved 1048576K
Event: 13.513 GC heap after
Heap after GC invocations=11 (full 1):
 PSYoungGen      total 160256K, used 7341K [0x00000000d5f80000, 0x00000000e1c00000, 0x0000000100000000)
  eden space 152576K, 0% used [0x00000000d5f80000,0x00000000d5f80000,0x00000000df480000)
  from space 7680K, 95% used [0x00000000dfd00000,0x00000000e042b6e0,0x00000000e0480000)
  to   space 8704K, 0% used [0x00000000df480000,0x00000000df480000,0x00000000dfd00000)
 ParOldGen       total 51200K, used 7723K [0x0000000081e00000, 0x0000000085000000, 0x00000000d5f80000)
  object space 51200K, 15% used [0x0000000081e00000,0x000000008258afa0,0x0000000085000000)
 Metaspace       used 34334K, capacity 35312K, committed 35416K, reserved 1079296K
  class space    used 4571K, capacity 4805K, committed 4864K, reserved 1048576K
}
Event: 13.513 GC heap before
{Heap before GC invocations=12 (full 2):
 PSYoungGen      total 160256K, used 7341K [0x00000000d5f80000, 0x00000000e1c00000, 0x0000000100000000)
  eden space 152576K, 0% used [0x00000000d5f80000,0x00000000d5f80000,0x00000000df480000)
  from space 7680K, 95% used [0x00000000dfd00000,0x00000000e042b6e0,0x00000000e0480000)
  to   space 8704K, 0% used [0x00000000df480000,0x00000000df480000,0x00000000dfd00000)
 ParOldGen       total 51200K, used 7723K [0x0000000081e00000, 0x0000000085000000, 0x00000000d5f80000)
  object space 51200K, 15% used [0x0000000081e00000,0x000000008258afa0,0x0000000085000000)
 Metaspace       used 34334K, capacity 35312K, committed 35416K, reserved 1079296K
  class space    used 4571K, capacity 4805K, committed 4864K, reserved 1048576K
Event: 13.589 GC heap after
Heap after GC invocations=12 (full 2):
 PSYoungGen      total 160256K, used 0K [0x00000000d5f80000, 0x00000000e1c00000, 0x0000000100000000)
  eden space 152576K, 0% used [0x00000000d5f80000,0x00000000d5f80000,0x00000000df480000)
  from space 7680K, 0% used [0x00000000dfd00000,0x00000000dfd00000,0x00000000e0480000)
  to   space 8704K, 0% used [0x00000000df480000,0x00000000df480000,0x00000000dfd00000)
 ParOldGen       total 75264K, used 12296K [0x0000000081e00000, 0x0000000086780000, 0x00000000d5f80000)
  object space 75264K, 16% used [0x0000000081e00000,0x0000000082a020f0,0x0000000086780000)
 Metaspace       used 34334K, capacity 35312K, committed 35416K, reserved 1079296K
  class space    used 4571K, capacity 4805K, committed 4864K, reserved 1048576K
}

